<?xml version="1.0" encoding="UTF-8"?>
<testsuite name="likelion.running.web.memberControllerTest" tests="3" skipped="0" failures="0" errors="0" timestamp="2023-09-08T14:47:16" hostname="potato.local" time="0.093">
  <properties/>
  <testcase name="signUp()" classname="likelion.running.web.memberControllerTest" time="0.057"/>
  <testcase name="participate()" classname="likelion.running.web.memberControllerTest" time="0.033"/>
  <testcase name="members()" classname="likelion.running.web.memberControllerTest" time="0.001"/>
  <system-out><![CDATA[23:47:14.012 [Test worker] DEBUG org.springframework.test.context.BootstrapUtils - Instantiating CacheAwareContextLoaderDelegate from class [org.springframework.test.context.cache.DefaultCacheAwareContextLoaderDelegate]
23:47:14.016 [Test worker] DEBUG org.springframework.test.context.BootstrapUtils - Instantiating BootstrapContext using constructor [public org.springframework.test.context.support.DefaultBootstrapContext(java.lang.Class,org.springframework.test.context.CacheAwareContextLoaderDelegate)]
23:47:14.026 [Test worker] DEBUG org.springframework.test.context.BootstrapUtils - Instantiating TestContextBootstrapper for test class [likelion.running.web.memberControllerTest] from class [org.springframework.boot.test.context.SpringBootTestContextBootstrapper]
23:47:14.031 [Test worker] INFO org.springframework.boot.test.context.SpringBootTestContextBootstrapper - Neither @ContextConfiguration nor @ContextHierarchy found for test class [likelion.running.web.memberControllerTest], using SpringBootContextLoader
23:47:14.032 [Test worker] DEBUG org.springframework.test.context.support.AbstractContextLoader - Did not detect default resource location for test class [likelion.running.web.memberControllerTest]: class path resource [likelion/running/web/memberControllerTest-context.xml] does not exist
23:47:14.032 [Test worker] DEBUG org.springframework.test.context.support.AbstractContextLoader - Did not detect default resource location for test class [likelion.running.web.memberControllerTest]: class path resource [likelion/running/web/memberControllerTestContext.groovy] does not exist
23:47:14.032 [Test worker] INFO org.springframework.test.context.support.AbstractContextLoader - Could not detect default resource locations for test class [likelion.running.web.memberControllerTest]: no resource found for suffixes {-context.xml, Context.groovy}.
23:47:14.032 [Test worker] INFO org.springframework.test.context.support.AnnotationConfigContextLoaderUtils - Could not detect default configuration classes for test class [likelion.running.web.memberControllerTest]: memberControllerTest does not declare any static, non-private, non-final, nested classes annotated with @Configuration.
23:47:14.046 [Test worker] DEBUG org.springframework.test.context.support.ActiveProfilesUtils - Could not find an 'annotation declaring class' for annotation type [org.springframework.test.context.ActiveProfiles] and class [likelion.running.web.memberControllerTest]
23:47:14.079 [Test worker] DEBUG org.springframework.context.annotation.ClassPathScanningCandidateComponentProvider - Identified candidate component class: file [/Users/juntaepark/Downloads/running/build/classes/java/main/likelion/running/RunningApplication.class]
23:47:14.080 [Test worker] INFO org.springframework.boot.test.context.SpringBootTestContextBootstrapper - Found @SpringBootConfiguration likelion.running.RunningApplication for test class likelion.running.web.memberControllerTest
23:47:14.106 [Test worker] DEBUG org.springframework.boot.test.context.SpringBootTestContextBootstrapper - @TestExecutionListeners is not present for class [likelion.running.web.memberControllerTest]: using defaults.
23:47:14.106 [Test worker] INFO org.springframework.boot.test.context.SpringBootTestContextBootstrapper - Loaded default TestExecutionListener class names from location [META-INF/spring.factories]: [org.springframework.security.test.context.support.WithSecurityContextTestExecutionListener, org.springframework.security.test.context.support.ReactorContextTestExecutionListener, org.springframework.boot.test.autoconfigure.restdocs.RestDocsTestExecutionListener, org.springframework.boot.test.autoconfigure.web.client.MockRestServiceServerResetTestExecutionListener, org.springframework.boot.test.autoconfigure.web.servlet.MockMvcPrintOnlyOnFailureTestExecutionListener, org.springframework.boot.test.autoconfigure.web.servlet.WebDriverTestExecutionListener, org.springframework.boot.test.autoconfigure.webservices.client.MockWebServiceServerTestExecutionListener, org.springframework.boot.test.mock.mockito.MockitoTestExecutionListener, org.springframework.boot.test.mock.mockito.ResetMocksTestExecutionListener, org.springframework.test.context.web.ServletTestExecutionListener, org.springframework.test.context.support.DirtiesContextBeforeModesTestExecutionListener, org.springframework.test.context.event.ApplicationEventsTestExecutionListener, org.springframework.test.context.support.DependencyInjectionTestExecutionListener, org.springframework.test.context.support.DirtiesContextTestExecutionListener, org.springframework.test.context.transaction.TransactionalTestExecutionListener, org.springframework.test.context.jdbc.SqlScriptsTestExecutionListener, org.springframework.test.context.event.EventPublishingTestExecutionListener]
23:47:14.113 [Test worker] INFO org.springframework.boot.test.context.SpringBootTestContextBootstrapper - Using TestExecutionListeners: [org.springframework.test.context.web.ServletTestExecutionListener@74cadd41, org.springframework.test.context.support.DirtiesContextBeforeModesTestExecutionListener@2e54db99, org.springframework.test.context.event.ApplicationEventsTestExecutionListener@55e8ec2f, org.springframework.boot.test.mock.mockito.MockitoTestExecutionListener@4f2613d1, org.springframework.boot.test.autoconfigure.SpringBootDependencyInjectionTestExecutionListener@6d24ffa1, org.springframework.test.context.support.DirtiesContextTestExecutionListener@65a4798f, org.springframework.test.context.transaction.TransactionalTestExecutionListener@773f7880, org.springframework.test.context.jdbc.SqlScriptsTestExecutionListener@878452d, org.springframework.security.test.context.support.WithSecurityContextTestExecutionListener@426b6a74, org.springframework.test.context.event.EventPublishingTestExecutionListener@4c51bb7, org.springframework.security.test.context.support.ReactorContextTestExecutionListener@83298d7, org.springframework.boot.test.autoconfigure.restdocs.RestDocsTestExecutionListener@42a9e5d1, org.springframework.boot.test.autoconfigure.web.client.MockRestServiceServerResetTestExecutionListener@5b080f3a, org.springframework.boot.test.autoconfigure.web.servlet.MockMvcPrintOnlyOnFailureTestExecutionListener@773cbf4f, org.springframework.boot.test.autoconfigure.web.servlet.WebDriverTestExecutionListener@6b54655f, org.springframework.boot.test.autoconfigure.webservices.client.MockWebServiceServerTestExecutionListener@665e9289, org.springframework.boot.test.mock.mockito.ResetMocksTestExecutionListener@7d3430a7]
23:47:14.114 [Test worker] DEBUG org.springframework.test.context.support.AbstractDirtiesContextTestExecutionListener - Before test class: context [DefaultTestContext@5ef0d29e testClass = memberControllerTest, testInstance = [null], testMethod = [null], testException = [null], mergedContextConfiguration = [WebMergedContextConfiguration@38f57b3d testClass = memberControllerTest, locations = '{}', classes = '{class likelion.running.RunningApplication}', contextInitializerClasses = '[]', activeProfiles = '{}', propertySourceLocations = '{}', propertySourceProperties = '{org.springframework.boot.test.context.SpringBootTestContextBootstrapper=true, server.port=0}', contextCustomizers = set[org.springframework.boot.test.autoconfigure.actuate.metrics.MetricsExportContextCustomizerFactory$DisableMetricExportContextCustomizer@7c8c9a05, org.springframework.boot.test.autoconfigure.properties.PropertyMappingContextCustomizer@0, org.springframework.boot.test.autoconfigure.web.servlet.WebDriverContextCustomizerFactory$Customizer@5a2d131d, org.springframework.boot.test.context.filter.ExcludeFilterContextCustomizer@1c93f6e1, org.springframework.boot.test.json.DuplicateJsonObjectContextCustomizerFactory$DuplicateJsonObjectContextCustomizer@e383572, org.springframework.boot.test.mock.mockito.MockitoContextCustomizer@0, org.springframework.boot.test.web.client.TestRestTemplateContextCustomizer@4b23c30a, org.springframework.boot.test.context.SpringBootTestArgs@1, org.springframework.boot.test.context.SpringBootTestWebEnvironment@3571b748], resourceBasePath = 'src/main/webapp', contextLoader = 'org.springframework.boot.test.context.SpringBootContextLoader', parent = [null]], attributes = map['org.springframework.test.context.web.ServletTestExecutionListener.activateListener' -> false]], class annotated with @DirtiesContext [false] with mode [null].
23:47:14.118 [Test worker] DEBUG org.springframework.test.context.support.DependencyInjectionTestExecutionListener - Performing dependency injection for test context [[DefaultTestContext@5ef0d29e testClass = memberControllerTest, testInstance = likelion.running.web.memberControllerTest@3f28bd56, testMethod = [null], testException = [null], mergedContextConfiguration = [WebMergedContextConfiguration@38f57b3d testClass = memberControllerTest, locations = '{}', classes = '{class likelion.running.RunningApplication}', contextInitializerClasses = '[]', activeProfiles = '{}', propertySourceLocations = '{}', propertySourceProperties = '{org.springframework.boot.test.context.SpringBootTestContextBootstrapper=true, server.port=0}', contextCustomizers = set[org.springframework.boot.test.autoconfigure.actuate.metrics.MetricsExportContextCustomizerFactory$DisableMetricExportContextCustomizer@7c8c9a05, org.springframework.boot.test.autoconfigure.properties.PropertyMappingContextCustomizer@0, org.springframework.boot.test.autoconfigure.web.servlet.WebDriverContextCustomizerFactory$Customizer@5a2d131d, org.springframework.boot.test.context.filter.ExcludeFilterContextCustomizer@1c93f6e1, org.springframework.boot.test.json.DuplicateJsonObjectContextCustomizerFactory$DuplicateJsonObjectContextCustomizer@e383572, org.springframework.boot.test.mock.mockito.MockitoContextCustomizer@0, org.springframework.boot.test.web.client.TestRestTemplateContextCustomizer@4b23c30a, org.springframework.boot.test.context.SpringBootTestArgs@1, org.springframework.boot.test.context.SpringBootTestWebEnvironment@3571b748], resourceBasePath = 'src/main/webapp', contextLoader = 'org.springframework.boot.test.context.SpringBootContextLoader', parent = [null]], attributes = map['org.springframework.test.context.web.ServletTestExecutionListener.activateListener' -> false, 'org.springframework.test.context.event.ApplicationEventsTestExecutionListener.recordApplicationEvents' -> false]]].

  .   ____          _            __ _ _
 /\\ / ___'_ __ _ _(_)_ __  __ _ \ \ \ \
( ( )\___ | '_ | '_| | '_ \/ _` | \ \ \ \
 \\/  ___)| |_)| | | | | || (_| |  ) ) ) )
  '  |____| .__|_| |_|_| |_\__, | / / / /
 =========|_|==============|___/=/_/_/_/
 :: Spring Boot ::               (v2.7.14)

2023-09-08 23:47:14.236  INFO 2611 --- [    Test worker] l.running.web.memberControllerTest       : Starting memberControllerTest using Java 17.0.7 on potato.local with PID 2611 (started by juntaepark in /Users/juntaepark/Downloads/running)
2023-09-08 23:47:14.236  INFO 2611 --- [    Test worker] l.running.web.memberControllerTest       : No active profile set, falling back to 1 default profile: "default"
2023-09-08 23:47:14.491  INFO 2611 --- [    Test worker] .s.d.r.c.RepositoryConfigurationDelegate : Bootstrapping Spring Data JPA repositories in DEFAULT mode.
2023-09-08 23:47:14.513  INFO 2611 --- [    Test worker] .s.d.r.c.RepositoryConfigurationDelegate : Finished Spring Data repository scanning in 20 ms. Found 5 JPA repository interfaces.
2023-09-08 23:47:14.783  INFO 2611 --- [    Test worker] o.s.b.w.embedded.tomcat.TomcatWebServer  : Tomcat initialized with port(s): 0 (http)
2023-09-08 23:47:14.787  INFO 2611 --- [    Test worker] o.apache.catalina.core.StandardService   : Starting service [Tomcat]
2023-09-08 23:47:14.787  INFO 2611 --- [    Test worker] org.apache.catalina.core.StandardEngine  : Starting Servlet engine: [Apache Tomcat/9.0.78]
2023-09-08 23:47:14.832  INFO 2611 --- [    Test worker] o.a.c.c.C.[Tomcat].[localhost].[/]       : Initializing Spring embedded WebApplicationContext
2023-09-08 23:47:14.832  INFO 2611 --- [    Test worker] w.s.c.ServletWebServerApplicationContext : Root WebApplicationContext: initialization completed in 590 ms
2023-09-08 23:47:14.855  INFO 2611 --- [    Test worker] com.zaxxer.hikari.HikariDataSource       : HikariPool-1 - Starting...
2023-09-08 23:47:14.938  INFO 2611 --- [    Test worker] com.zaxxer.hikari.HikariDataSource       : HikariPool-1 - Start completed.
2023-09-08 23:47:14.943  INFO 2611 --- [    Test worker] o.s.b.a.h2.H2ConsoleAutoConfiguration    : H2 console available at '/h2-console'. Database available at 'jdbc:h2:mem:testdb'
2023-09-08 23:47:15.030  INFO 2611 --- [    Test worker] o.hibernate.jpa.internal.util.LogHelper  : HHH000204: Processing PersistenceUnitInfo [name: default]
2023-09-08 23:47:15.056  INFO 2611 --- [    Test worker] org.hibernate.Version                    : HHH000412: Hibernate ORM core version 5.6.15.Final
2023-09-08 23:47:15.119  INFO 2611 --- [    Test worker] o.hibernate.annotations.common.Version   : HCANN000001: Hibernate Commons Annotations {5.1.2.Final}
2023-09-08 23:47:15.155  INFO 2611 --- [    Test worker] org.hibernate.dialect.Dialect            : HHH000400: Using dialect: org.hibernate.dialect.H2Dialect
Hibernate: 
    
    drop table if exists authority CASCADE 
Hibernate: 
    
    drop table if exists board CASCADE 
Hibernate: 
    
    drop table if exists guest CASCADE 
Hibernate: 
    
    drop table if exists member CASCADE 
Hibernate: 
    
    drop table if exists member_authority CASCADE 
Hibernate: 
    
    create table authority (
       authority_name varchar(50) not null,
        primary key (authority_name)
    )
Hibernate: 
    
    create table board (
       id bigint generated by default as identity,
        content varchar(500),
        flag integer,
        host_id varchar(255),
        join_member integer not null,
        place varchar(255),
        play_time integer not null,
        repeat integer not null,
        run_time varchar(255),
        status integer,
        time date,
        title varchar(100),
        total_member integer not null,
        walk_time varchar(255),
        primary key (id)
    )
Hibernate: 
    
    create table guest (
       id bigint generated by default as identity,
        board_id bigint,
        guest_id varchar(255),
        participate boolean not null,
        primary key (id)
    )
Hibernate: 
    
    create table member (
       user_id bigint generated by default as identity,
        activated boolean,
        auth_code varchar(255),
        member_id varchar(30),
        name varchar(10),
        password varchar(100),
        phone_num varchar(13),
        primary key (user_id)
    )
Hibernate: 
    
    create table member_authority (
       id bigint generated by default as identity,
        authority_name varchar(50),
        member_id bigint,
        primary key (id)
    )
Hibernate: 
    
    alter table member_authority 
       add constraint FKasnmjar8jr5gaxvd7966p19ir 
       foreign key (authority_name) 
       references authority
Hibernate: 
    
    alter table member_authority 
       add constraint FK8uf5ff5jr0nuvbj4yfp5ob9sq 
       foreign key (member_id) 
       references member
2023-09-08 23:47:15.416  INFO 2611 --- [    Test worker] o.h.e.t.j.p.i.JtaPlatformInitiator       : HHH000490: Using JtaPlatform implementation: [org.hibernate.engine.transaction.jta.platform.internal.NoJtaPlatform]
2023-09-08 23:47:15.419  INFO 2611 --- [    Test worker] j.LocalContainerEntityManagerFactoryBean : Initialized JPA EntityManagerFactory for persistence unit 'default'
Hibernate: 
    select
        member0_.user_id as user_id1_3_0_,
        member0_.activated as activate2_3_0_,
        member0_.auth_code as auth_cod3_3_0_,
        member0_.member_id as member_i4_3_0_,
        member0_.name as name5_3_0_,
        member0_.password as password6_3_0_,
        member0_.phone_num as phone_nu7_3_0_ 
    from
        member member0_ 
    where
        member0_.user_id=?
Hibernate: 
    insert 
    into
        member
        (user_id, activated, auth_code, member_id, name, password, phone_num) 
    values
        (default, ?, ?, ?, ?, ?, ?)
Hibernate: 
    insert 
    into
        board
        (id, content, flag, host_id, join_member, place, play_time, repeat, run_time, status, time, title, total_member, walk_time) 
    values
        (default, ?, ?, ?, ?, ?, ?, ?, ?, ?, ?, ?, ?, ?)
2023-09-08 23:47:15.776  INFO 2611 --- [    Test worker] likelion.running.service.BoardService    : board 생성 tttt
Hibernate: 
    insert 
    into
        board
        (id, content, flag, host_id, join_member, place, play_time, repeat, run_time, status, time, title, total_member, walk_time) 
    values
        (default, ?, ?, ?, ?, ?, ?, ?, ?, ?, ?, ?, ?, ?)
2023-09-08 23:47:15.777  INFO 2611 --- [    Test worker] likelion.running.service.BoardService    : board 생성 tttt
Hibernate: 
    insert 
    into
        board
        (id, content, flag, host_id, join_member, place, play_time, repeat, run_time, status, time, title, total_member, walk_time) 
    values
        (default, ?, ?, ?, ?, ?, ?, ?, ?, ?, ?, ?, ?, ?)
2023-09-08 23:47:15.778  INFO 2611 --- [    Test worker] likelion.running.service.BoardService    : board 생성 tttt
2023-09-08 23:47:15.778  INFO 2611 --- [    Test worker] likelion.running.TestDataInit            : test likelion.running.domain.member.Member@24890021
2023-09-08 23:47:15.778  INFO 2611 --- [    Test worker] likelion.running.TestDataInit            : test board Optional[likelion.running.domain.board.Board@12e5b8c2]
Hibernate: 
    select
        board0_.id as id1_1_,
        board0_.content as content2_1_,
        board0_.flag as flag3_1_,
        board0_.host_id as host_id4_1_,
        board0_.join_member as join_mem5_1_,
        board0_.place as place6_1_,
        board0_.play_time as play_tim7_1_,
        board0_.repeat as repeat8_1_,
        board0_.run_time as run_time9_1_,
        board0_.status as status10_1_,
        board0_.time as time11_1_,
        board0_.title as title12_1_,
        board0_.total_member as total_m13_1_,
        board0_.walk_time as walk_ti14_1_ 
    from
        board board0_ 
    where
        board0_.id=?
Hibernate: 
    insert 
    into
        guest
        (id, board_id, guest_id, participate) 
    values
        (default, ?, ?, ?)
Hibernate: 
    select
        board0_.id as id1_1_,
        board0_.content as content2_1_,
        board0_.flag as flag3_1_,
        board0_.host_id as host_id4_1_,
        board0_.join_member as join_mem5_1_,
        board0_.place as place6_1_,
        board0_.play_time as play_tim7_1_,
        board0_.repeat as repeat8_1_,
        board0_.run_time as run_time9_1_,
        board0_.status as status10_1_,
        board0_.time as time11_1_,
        board0_.title as title12_1_,
        board0_.total_member as total_m13_1_,
        board0_.walk_time as walk_ti14_1_ 
    from
        board board0_ 
    where
        board0_.id=?
Hibernate: 
    select
        board0_.id as id1_1_0_,
        board0_.content as content2_1_0_,
        board0_.flag as flag3_1_0_,
        board0_.host_id as host_id4_1_0_,
        board0_.join_member as join_mem5_1_0_,
        board0_.place as place6_1_0_,
        board0_.play_time as play_tim7_1_0_,
        board0_.repeat as repeat8_1_0_,
        board0_.run_time as run_time9_1_0_,
        board0_.status as status10_1_0_,
        board0_.time as time11_1_0_,
        board0_.title as title12_1_0_,
        board0_.total_member as total_m13_1_0_,
        board0_.walk_time as walk_ti14_1_0_ 
    from
        board board0_ 
    where
        board0_.id=?
Hibernate: 
    update
        board 
    set
        content=?,
        flag=?,
        host_id=?,
        join_member=?,
        place=?,
        play_time=?,
        repeat=?,
        run_time=?,
        status=?,
        time=?,
        title=?,
        total_member=?,
        walk_time=? 
    where
        id=?
Hibernate: 
    select
        board0_.id as id1_1_,
        board0_.content as content2_1_,
        board0_.flag as flag3_1_,
        board0_.host_id as host_id4_1_,
        board0_.join_member as join_mem5_1_,
        board0_.place as place6_1_,
        board0_.play_time as play_tim7_1_,
        board0_.repeat as repeat8_1_,
        board0_.run_time as run_time9_1_,
        board0_.status as status10_1_,
        board0_.time as time11_1_,
        board0_.title as title12_1_,
        board0_.total_member as total_m13_1_,
        board0_.walk_time as walk_ti14_1_ 
    from
        board board0_ 
    where
        board0_.id=?
Hibernate: 
    insert 
    into
        guest
        (id, board_id, guest_id, participate) 
    values
        (default, ?, ?, ?)
Hibernate: 
    select
        board0_.id as id1_1_,
        board0_.content as content2_1_,
        board0_.flag as flag3_1_,
        board0_.host_id as host_id4_1_,
        board0_.join_member as join_mem5_1_,
        board0_.place as place6_1_,
        board0_.play_time as play_tim7_1_,
        board0_.repeat as repeat8_1_,
        board0_.run_time as run_time9_1_,
        board0_.status as status10_1_,
        board0_.time as time11_1_,
        board0_.title as title12_1_,
        board0_.total_member as total_m13_1_,
        board0_.walk_time as walk_ti14_1_ 
    from
        board board0_ 
    where
        board0_.id=?
Hibernate: 
    select
        board0_.id as id1_1_0_,
        board0_.content as content2_1_0_,
        board0_.flag as flag3_1_0_,
        board0_.host_id as host_id4_1_0_,
        board0_.join_member as join_mem5_1_0_,
        board0_.place as place6_1_0_,
        board0_.play_time as play_tim7_1_0_,
        board0_.repeat as repeat8_1_0_,
        board0_.run_time as run_time9_1_0_,
        board0_.status as status10_1_0_,
        board0_.time as time11_1_0_,
        board0_.title as title12_1_0_,
        board0_.total_member as total_m13_1_0_,
        board0_.walk_time as walk_ti14_1_0_ 
    from
        board board0_ 
    where
        board0_.id=?
Hibernate: 
    update
        board 
    set
        content=?,
        flag=?,
        host_id=?,
        join_member=?,
        place=?,
        play_time=?,
        repeat=?,
        run_time=?,
        status=?,
        time=?,
        title=?,
        total_member=?,
        walk_time=? 
    where
        id=?
Hibernate: 
    select
        board0_.id as id1_1_,
        board0_.content as content2_1_,
        board0_.flag as flag3_1_,
        board0_.host_id as host_id4_1_,
        board0_.join_member as join_mem5_1_,
        board0_.place as place6_1_,
        board0_.play_time as play_tim7_1_,
        board0_.repeat as repeat8_1_,
        board0_.run_time as run_time9_1_,
        board0_.status as status10_1_,
        board0_.time as time11_1_,
        board0_.title as title12_1_,
        board0_.total_member as total_m13_1_,
        board0_.walk_time as walk_ti14_1_ 
    from
        board board0_ 
    where
        board0_.id=?
Hibernate: 
    insert 
    into
        guest
        (id, board_id, guest_id, participate) 
    values
        (default, ?, ?, ?)
Hibernate: 
    select
        board0_.id as id1_1_,
        board0_.content as content2_1_,
        board0_.flag as flag3_1_,
        board0_.host_id as host_id4_1_,
        board0_.join_member as join_mem5_1_,
        board0_.place as place6_1_,
        board0_.play_time as play_tim7_1_,
        board0_.repeat as repeat8_1_,
        board0_.run_time as run_time9_1_,
        board0_.status as status10_1_,
        board0_.time as time11_1_,
        board0_.title as title12_1_,
        board0_.total_member as total_m13_1_,
        board0_.walk_time as walk_ti14_1_ 
    from
        board board0_ 
    where
        board0_.id=?
Hibernate: 
    select
        board0_.id as id1_1_0_,
        board0_.content as content2_1_0_,
        board0_.flag as flag3_1_0_,
        board0_.host_id as host_id4_1_0_,
        board0_.join_member as join_mem5_1_0_,
        board0_.place as place6_1_0_,
        board0_.play_time as play_tim7_1_0_,
        board0_.repeat as repeat8_1_0_,
        board0_.run_time as run_time9_1_0_,
        board0_.status as status10_1_0_,
        board0_.time as time11_1_0_,
        board0_.title as title12_1_0_,
        board0_.total_member as total_m13_1_0_,
        board0_.walk_time as walk_ti14_1_0_ 
    from
        board board0_ 
    where
        board0_.id=?
Hibernate: 
    update
        board 
    set
        content=?,
        flag=?,
        host_id=?,
        join_member=?,
        place=?,
        play_time=?,
        repeat=?,
        run_time=?,
        status=?,
        time=?,
        title=?,
        total_member=?,
        walk_time=? 
    where
        id=?
2023-09-08 23:47:15.920  INFO 2611 --- [    Test worker] o.s.s.web.DefaultSecurityFilterChain     : Will secure any request with [org.springframework.security.web.session.DisableEncodeUrlFilter@5edce7da, org.springframework.security.web.context.request.async.WebAsyncManagerIntegrationFilter@f69e35a, org.springframework.security.web.context.SecurityContextPersistenceFilter@1dc9e4d2, org.springframework.security.web.header.HeaderWriterFilter@7fd3197b, org.springframework.security.web.authentication.logout.LogoutFilter@74471600, likelion.running.filter.JwtFilter@6c2d124e, org.springframework.security.web.savedrequest.RequestCacheAwareFilter@60ae950f, org.springframework.security.web.servletapi.SecurityContextHolderAwareRequestFilter@89dd102, org.springframework.security.web.authentication.AnonymousAuthenticationFilter@602e7a9e, org.springframework.security.web.session.SessionManagementFilter@56f569e, org.springframework.security.web.access.ExceptionTranslationFilter@3b44ed3c, org.springframework.security.web.access.intercept.AuthorizationFilter@72ae1007]
2023-09-08 23:47:16.189  INFO 2611 --- [    Test worker] o.s.b.w.embedded.tomcat.TomcatWebServer  : Tomcat started on port(s): 49472 (http) with context path ''
2023-09-08 23:47:16.193  INFO 2611 --- [    Test worker] l.running.web.memberControllerTest       : Started memberControllerTest in 2.067 seconds (JVM running for 2.473)
Hibernate: 
    insert 
    into
        board
        (id, content, flag, host_id, join_member, place, play_time, repeat, run_time, status, time, title, total_member, walk_time) 
    values
        (default, ?, ?, ?, ?, ?, ?, ?, ?, ?, ?, ?, ?, ?)
2023-09-08 23:47:16.257  INFO 2611 --- [    Test worker] likelion.running.service.BoardService    : board 생성 testRun
Hibernate: 
    select
        board0_.id as id1_1_,
        board0_.content as content2_1_,
        board0_.flag as flag3_1_,
        board0_.host_id as host_id4_1_,
        board0_.join_member as join_mem5_1_,
        board0_.place as place6_1_,
        board0_.play_time as play_tim7_1_,
        board0_.repeat as repeat8_1_,
        board0_.run_time as run_time9_1_,
        board0_.status as status10_1_,
        board0_.time as time11_1_,
        board0_.title as title12_1_,
        board0_.total_member as total_m13_1_,
        board0_.walk_time as walk_ti14_1_ 
    from
        board board0_ 
    where
        board0_.id=?
Hibernate: 
    insert 
    into
        guest
        (id, board_id, guest_id, participate) 
    values
        (default, ?, ?, ?)
Hibernate: 
    select
        board0_.id as id1_1_,
        board0_.content as content2_1_,
        board0_.flag as flag3_1_,
        board0_.host_id as host_id4_1_,
        board0_.join_member as join_mem5_1_,
        board0_.place as place6_1_,
        board0_.play_time as play_tim7_1_,
        board0_.repeat as repeat8_1_,
        board0_.run_time as run_time9_1_,
        board0_.status as status10_1_,
        board0_.time as time11_1_,
        board0_.title as title12_1_,
        board0_.total_member as total_m13_1_,
        board0_.walk_time as walk_ti14_1_ 
    from
        board board0_ 
    where
        board0_.id=?
Hibernate: 
    select
        board0_.id as id1_1_0_,
        board0_.content as content2_1_0_,
        board0_.flag as flag3_1_0_,
        board0_.host_id as host_id4_1_0_,
        board0_.join_member as join_mem5_1_0_,
        board0_.place as place6_1_0_,
        board0_.play_time as play_tim7_1_0_,
        board0_.repeat as repeat8_1_0_,
        board0_.run_time as run_time9_1_0_,
        board0_.status as status10_1_0_,
        board0_.time as time11_1_0_,
        board0_.title as title12_1_0_,
        board0_.total_member as total_m13_1_0_,
        board0_.walk_time as walk_ti14_1_0_ 
    from
        board board0_ 
    where
        board0_.id=?
Hibernate: 
    update
        board 
    set
        content=?,
        flag=?,
        host_id=?,
        join_member=?,
        place=?,
        play_time=?,
        repeat=?,
        run_time=?,
        status=?,
        time=?,
        title=?,
        total_member=?,
        walk_time=? 
    where
        id=?
Hibernate: 
    select
        board0_.id as id1_1_,
        board0_.content as content2_1_,
        board0_.flag as flag3_1_,
        board0_.host_id as host_id4_1_,
        board0_.join_member as join_mem5_1_,
        board0_.place as place6_1_,
        board0_.play_time as play_tim7_1_,
        board0_.repeat as repeat8_1_,
        board0_.run_time as run_time9_1_,
        board0_.status as status10_1_,
        board0_.time as time11_1_,
        board0_.title as title12_1_,
        board0_.total_member as total_m13_1_,
        board0_.walk_time as walk_ti14_1_ 
    from
        board board0_ 
    where
        board0_.id=?
Hibernate: 
    insert 
    into
        guest
        (id, board_id, guest_id, participate) 
    values
        (default, ?, ?, ?)
Hibernate: 
    select
        board0_.id as id1_1_,
        board0_.content as content2_1_,
        board0_.flag as flag3_1_,
        board0_.host_id as host_id4_1_,
        board0_.join_member as join_mem5_1_,
        board0_.place as place6_1_,
        board0_.play_time as play_tim7_1_,
        board0_.repeat as repeat8_1_,
        board0_.run_time as run_time9_1_,
        board0_.status as status10_1_,
        board0_.time as time11_1_,
        board0_.title as title12_1_,
        board0_.total_member as total_m13_1_,
        board0_.walk_time as walk_ti14_1_ 
    from
        board board0_ 
    where
        board0_.id=?
Hibernate: 
    select
        board0_.id as id1_1_0_,
        board0_.content as content2_1_0_,
        board0_.flag as flag3_1_0_,
        board0_.host_id as host_id4_1_0_,
        board0_.join_member as join_mem5_1_0_,
        board0_.place as place6_1_0_,
        board0_.play_time as play_tim7_1_0_,
        board0_.repeat as repeat8_1_0_,
        board0_.run_time as run_time9_1_0_,
        board0_.status as status10_1_0_,
        board0_.time as time11_1_0_,
        board0_.title as title12_1_0_,
        board0_.total_member as total_m13_1_0_,
        board0_.walk_time as walk_ti14_1_0_ 
    from
        board board0_ 
    where
        board0_.id=?
Hibernate: 
    update
        board 
    set
        content=?,
        flag=?,
        host_id=?,
        join_member=?,
        place=?,
        play_time=?,
        repeat=?,
        run_time=?,
        status=?,
        time=?,
        title=?,
        total_member=?,
        walk_time=? 
    where
        id=?
2023-09-08 23:47:16.281  INFO 2611 --- [    Test worker] likelion.running.service.GuestService    : MemberDto(memberId=host@naver.com, name=null, phoneNum=null)
Hibernate: 
    select
        board0_.id as id1_1_,
        board0_.content as content2_1_,
        board0_.flag as flag3_1_,
        board0_.host_id as host_id4_1_,
        board0_.join_member as join_mem5_1_,
        board0_.place as place6_1_,
        board0_.play_time as play_tim7_1_,
        board0_.repeat as repeat8_1_,
        board0_.run_time as run_time9_1_,
        board0_.status as status10_1_,
        board0_.time as time11_1_,
        board0_.title as title12_1_,
        board0_.total_member as total_m13_1_,
        board0_.walk_time as walk_ti14_1_ 
    from
        board board0_ 
    where
        board0_.host_id=?
2023-09-08 23:47:16.283  INFO 2611 --- [    Test worker] likelion.running.service.BoardService    : 4
2023-09-08 23:47:16.283  INFO 2611 --- [    Test worker] likelion.running.service.GuestService    : boardId = 4
Hibernate: 
    select
        guest0_.id as id1_2_,
        guest0_.board_id as board_id2_2_,
        guest0_.guest_id as guest_id3_2_,
        guest0_.participate as particip4_2_ 
    from
        guest guest0_ 
    where
        guest0_.board_id=?
]]></system-out>
  <system-err><![CDATA[]]></system-err>
</testsuite>
